
 randomForestSRC 2.4.2 
 
 Type rfsrc.news() to see new features, changes, and bug fixes. 
 

running forests ...
minimal depth variable selection ...


-----------------------------------------------------------
family             : regr 
var. selection     : Minimal Depth 
conservativeness   : medium 
x-weighting used?  : TRUE 
dimension          : 100 
sample size        : 1000 
ntree              : 1000 
nsplit             : 10 
mtry               : 39 
nodesize           : 2 
refitted forest    : FALSE 
model size         : 100 
depth threshold    : 8.7831 
PE (true OOB)      : 0.2736 


Top variables:
     depth   vimp
V90  1.145  2.621
V2   1.154  2.607
V6   5.333  0.005
V58  6.022  0.002
V42  6.476  0.000
V14  6.483  0.001
V101 6.500 -0.001
V7   6.504  0.002
V28  6.570 -0.003
V11  6.573 -0.001
V9   6.580  0.002
V32  6.580  0.000
V68  6.597  0.001
V12  6.612  0.001
V5   6.630  0.000
V49  6.633  0.000
V31  6.650  0.001
V36  6.671  0.000
V30  6.684 -0.001
V20  6.685  0.000
V85  6.688  0.002
V72  6.699  0.001
V64  6.700 -0.001
V4   6.717  0.000
V18  6.721  0.001
V61  6.733  0.001
V77  6.739 -0.002
V45  6.742 -0.001
V39  6.743  0.001
V56  6.748 -0.002
V27  6.749  0.000
V13  6.750  0.001
V66  6.771  0.000
V100 6.789 -0.001
V40  6.802 -0.002
V55  6.807  0.001
V84  6.821  0.000
V21  6.833  0.004
V48  6.841 -0.001
V94  6.841  0.000
V46  6.845  0.000
V24  6.853  0.002
V71  6.853  0.002
V17  6.861  0.001
V26  6.862 -0.001
V37  6.866  0.001
V41  6.868  0.002
V83  6.868 -0.001
V43  6.870 -0.002
V70  6.870  0.000
V89  6.871  0.001
V75  6.872  0.002
V8   6.880  0.001
V97  6.891  0.001
V57  6.897  0.000
V93  6.908  0.002
V80  6.918  0.001
V25  6.923 -0.001
V62  6.929 -0.002
V16  6.941 -0.002
V88  6.941 -0.001
V60  6.947  0.000
V38  6.948  0.001
V95  6.952 -0.001
V53  6.956  0.001
V91  6.957 -0.001
V98  6.959 -0.001
V81  6.963  0.001
V74  6.978  0.001
V19  6.980  0.000
V29  6.987  0.001
V22  6.996 -0.001
V67  6.997  0.000
V33  7.033 -0.001
V3   7.038 -0.002
V35  7.039  0.000
V51  7.046 -0.001
V86  7.073  0.000
V73  7.090  0.000
V50  7.092 -0.001
V44  7.093 -0.002
V69  7.101  0.000
V79  7.103  0.000
V52  7.104 -0.001
V87  7.112  0.001
V54  7.114 -0.002
V63  7.119 -0.002
V92  7.128  0.000
V47  7.146  0.003
V76  7.148  0.001
V78  7.150 -0.001
V65  7.179  0.000
V82  7.180  0.000
V99  7.200 -0.001
V23  7.201 -0.001
V96  7.205 -0.001
V34  7.209 -0.001
V59  7.234  0.000
V10  7.259  0.002
V15  7.417 -0.001
-----------------------------------------------------------
running forests ...
minimal depth variable selection ...


-----------------------------------------------------------
family             : regr 
var. selection     : Minimal Depth 
conservativeness   : medium 
x-weighting used?  : TRUE 
dimension          : 100 
sample size        : 1000 
ntree              : 1000 
nsplit             : 10 
mtry               : 27 
nodesize           : 2 
refitted forest    : FALSE 
model size         : 100 
depth threshold    : 9.1907 
PE (true OOB)      : 0.4968 


Top variables:
     depth   vimp
V90  1.491  2.101
V2   1.494  2.073
V6   5.278  0.006
V58  6.052  0.004
V14  6.278 -0.003
V49  6.383  0.000
V11  6.489  0.002
V68  6.490  0.000
V64  6.520  0.002
V83  6.528  0.000
V31  6.548 -0.001
V5   6.579  0.003
V100 6.586  0.000
V9   6.592  0.001
V42  6.592 -0.001
V32  6.633  0.002
V101 6.637  0.001
V45  6.670  0.001
V55  6.686  0.002
V7   6.688  0.001
V13  6.698  0.001
V4   6.701 -0.002
V26  6.710 -0.001
V85  6.710 -0.001
V38  6.713 -0.001
V43  6.734  0.002
V40  6.736  0.000
V37  6.748 -0.003
V20  6.752 -0.002
V28  6.752 -0.002
V48  6.755  0.000
V17  6.762  0.000
V71  6.763  0.000
V12  6.775  0.000
V56  6.776 -0.002
V24  6.779  0.000
V46  6.781  0.000
V77  6.782 -0.002
V53  6.791  0.000
V97  6.800  0.002
V39  6.802  0.001
V75  6.811 -0.004
V29  6.813  0.000
V69  6.839  0.000
V88  6.841  0.001
V54  6.848  0.000
V21  6.851  0.000
V30  6.851 -0.001
V82  6.852  0.003
V61  6.867  0.002
V98  6.872  0.001
V8   6.877  0.002
V79  6.879  0.000
V81  6.880 -0.002
V36  6.881 -0.002
V84  6.884 -0.002
V27  6.898  0.002
V35  6.901  0.000
V74  6.902  0.000
V94  6.905  0.000
V89  6.914 -0.001
V72  6.915  0.001
V67  6.916  0.004
V86  6.928  0.002
V16  6.933  0.001
V18  6.937  0.001
V22  6.941  0.000
V25  6.948 -0.001
V41  6.949 -0.002
V50  6.964 -0.001
V62  6.972 -0.001
V10  6.974  0.001
V3   6.992  0.001
V66  6.996  0.000
V51  7.008  0.000
V95  7.010  0.000
V93  7.018  0.000
V92  7.025 -0.002
V33  7.035  0.000
V23  7.044  0.000
V57  7.045  0.001
V52  7.057 -0.001
V70  7.057 -0.001
V60  7.072  0.000
V19  7.075  0.001
V91  7.089  0.000
V44  7.092  0.001
V34  7.094  0.000
V96  7.123 -0.001
V47  7.125  0.002
V65  7.149 -0.001
V73  7.149  0.000
V78  7.177 -0.001
V80  7.205 -0.001
V63  7.233 -0.002
V87  7.243 -0.001
V76  7.252 -0.001
V59  7.283  0.001
V99  7.331 -0.002
V15  7.456  0.000
-----------------------------------------------------------
running forests ...
minimal depth variable selection ...


-----------------------------------------------------------
family             : regr 
var. selection     : Minimal Depth 
conservativeness   : medium 
x-weighting used?  : TRUE 
dimension          : 100 
sample size        : 1000 
ntree              : 1000 
nsplit             : 10 
mtry               : 39 
nodesize           : 2 
refitted forest    : FALSE 
model size         : 100 
depth threshold    : 11.6544 
PE (true OOB)      : 0.5637 


Top variables:
     depth   vimp
V90  1.780  0.517
V2   2.019  0.520
V58  6.789  0.000
V13  6.846  0.003
V5   6.924  0.000
V74  7.245  0.000
V19  7.282 -0.001
V68  7.314  0.003
V6   7.373  0.002
V9   7.379  0.002
V101 7.379  0.000
V36  7.389  0.000
V18  7.391  0.006
V31  7.446  0.002
V28  7.507  0.003
V42  7.540  0.000
V3   7.542  0.001
V81  7.552 -0.001
V20  7.560  0.000
V30  7.560  0.001
V48  7.560  0.001
V46  7.563  0.001
V32  7.586 -0.001
V89  7.617  0.001
V40  7.619 -0.001
V85  7.644 -0.001
V39  7.656  0.001
V7   7.675  0.000
V80  7.709 -0.001
V82  7.749  0.001
V79  7.751  0.001
V34  7.755  0.000
V4   7.757  0.000
V69  7.767  0.000
V83  7.770  0.002
V84  7.806 -0.001
V100 7.808  0.000
V8   7.812 -0.001
V67  7.816 -0.001
V11  7.822  0.002
V57  7.834  0.001
V22  7.840 -0.001
V94  7.843  0.000
V17  7.860  0.000
V49  7.876 -0.001
V61  7.878  0.002
V76  7.893  0.000
V86  7.897  0.001
V72  7.901  0.002
V70  7.907 -0.001
V25  7.909  0.000
V92  7.910  0.000
V56  7.916  0.001
V43  7.922  0.001
V47  7.925 -0.001
V37  7.926  0.000
V75  7.929  0.001
V77  7.947  0.001
V55  7.959  0.001
V26  7.978  0.000
V99  7.984 -0.001
V78  7.989  0.000
V95  7.989 -0.001
V54  7.994 -0.001
V62  7.998 -0.001
V41  7.999 -0.001
V64  8.008  0.000
V16  8.019  0.000
V65  8.031  0.000
V66  8.038  0.000
V14  8.046 -0.001
V98  8.056 -0.001
V45  8.061  0.001
V88  8.065  0.000
V12  8.085  0.000
V52  8.100 -0.001
V38  8.102  0.001
V93  8.102 -0.001
V27  8.118  0.000
V51  8.118  0.000
V87  8.156  0.001
V50  8.161  0.000
V33  8.181 -0.001
V71  8.186 -0.002
V53  8.199 -0.001
V23  8.215 -0.001
V15  8.217  0.001
V63  8.228 -0.001
V96  8.228 -0.002
V10  8.230  0.000
V60  8.231 -0.001
V97  8.233 -0.002
V24  8.253 -0.001
V21  8.256  0.000
V44  8.258 -0.002
V91  8.274 -0.002
V35  8.278  0.001
V59  8.394 -0.002
V73  8.413  0.001
V29  8.538 -0.002
-----------------------------------------------------------
running forests ...
minimal depth variable selection ...


-----------------------------------------------------------
family             : regr 
var. selection     : Minimal Depth 
conservativeness   : medium 
x-weighting used?  : TRUE 
dimension          : 100 
sample size        : 1000 
ntree              : 1000 
nsplit             : 10 
mtry               : 27 
nodesize           : 2 
refitted forest    : FALSE 
model size         : 100 
depth threshold    : 11.6075 
PE (true OOB)      : 0.7099 


Top variables:
     depth   vimp
V90  2.152  0.334
V2   2.413  0.324
V13  6.586  0.006
V58  6.603  0.001
V18  6.798  0.000
V31  6.886  0.003
V36  6.968  0.001
V101 7.025  0.002
V28  7.036  0.001
V6   7.075  0.002
V32  7.088 -0.001
V5   7.121  0.002
V74  7.134 -0.002
V68  7.149 -0.002
V9   7.153  0.002
V19  7.224  0.000
V81  7.262 -0.001
V22  7.297  0.001
V48  7.317  0.000
V49  7.337 -0.001
V46  7.368 -0.002
V39  7.379 -0.002
V65  7.391 -0.002
V30  7.412  0.000
V56  7.420  0.000
V42  7.425 -0.002
V40  7.465  0.000
V69  7.484  0.000
V34  7.490 -0.001
V11  7.515  0.002
V75  7.519 -0.003
V82  7.523  0.000
V14  7.531  0.002
V20  7.561  0.000
V67  7.570  0.002
V55  7.575  0.001
V7   7.583  0.000
V86  7.594  0.000
V61  7.635  0.002
V80  7.648 -0.001
V41  7.651 -0.001
V84  7.662  0.000
V45  7.668  0.000
V17  7.670 -0.003
V83  7.679  0.001
V37  7.682  0.002
V62  7.682 -0.001
V57  7.700 -0.001
V91  7.706  0.000
V85  7.732  0.001
V3   7.745 -0.002
V51  7.751  0.001
V8   7.756 -0.001
V70  7.770  0.001
V78  7.783 -0.001
V97  7.785  0.001
V43  7.787  0.001
V25  7.790 -0.001
V94  7.795 -0.001
V72  7.796  0.000
V15  7.798 -0.001
V64  7.804  0.000
V26  7.807  0.000
V77  7.807 -0.002
V16  7.808 -0.001
V89  7.809 -0.001
V100 7.817 -0.002
V79  7.821  0.000
V95  7.827  0.000
V50  7.835  0.001
V63  7.860 -0.002
V54  7.877  0.000
V33  7.880 -0.001
V21  7.904 -0.001
V76  7.914  0.001
V98  7.915  0.000
V88  7.917  0.000
V4   7.923  0.001
V38  7.934  0.001
V71  7.938  0.001
V23  7.945 -0.002
V35  7.947  0.000
V24  8.033  0.000
V99  8.044  0.000
V66  8.046  0.000
V96  8.057  0.000
V87  8.061  0.000
V93  8.069 -0.001
V52  8.085 -0.001
V92  8.089 -0.001
V12  8.090  0.001
V47  8.099  0.000
V44  8.104 -0.001
V53  8.104  0.000
V27  8.180 -0.001
V59  8.182 -0.002
V73  8.296  0.001
V60  8.306 -0.001
V10  8.345 -0.001
V29  8.395  0.000
-----------------------------------------------------------
running forests ...
minimal depth variable selection ...


-----------------------------------------------------------
family             : regr 
var. selection     : Minimal Depth 
conservativeness   : medium 
x-weighting used?  : TRUE 
dimension          : 100 
sample size        : 1000 
ntree              : 1000 
nsplit             : 10 
mtry               : 39 
nodesize           : 2 
refitted forest    : FALSE 
model size         : 100 
depth threshold    : 8.739 
PE (true OOB)      : 0.3212 


Top variables:
     depth   vimp
V2   1.027  3.193
V90  1.243  2.838
V14  5.675 -0.002
V21  5.880  0.004
V12  6.282  0.000
V19  6.361  0.002
V16  6.390  0.003
V96  6.443  0.001
V56  6.511  0.000
V38  6.536 -0.002
V94  6.549  0.001
V44  6.559  0.001
V92  6.581 -0.003
V7   6.589 -0.002
V15  6.592  0.002
V60  6.592 -0.001
V17  6.596 -0.002
V31  6.598  0.000
V91  6.600  0.002
V30  6.610  0.001
V71  6.613 -0.001
V87  6.620 -0.001
V10  6.651  0.002
V8   6.654  0.002
V83  6.712  0.000
V42  6.715  0.001
V68  6.716  0.002
V28  6.718 -0.001
V6   6.735  0.001
V100 6.738 -0.002
V77  6.754  0.002
V98  6.757  0.001
V20  6.765  0.000
V72  6.768  0.001
V97  6.778 -0.002
V79  6.793 -0.001
V95  6.795  0.000
V62  6.803  0.001
V40  6.806  0.000
V5   6.807 -0.001
V64  6.810  0.000
V35  6.811  0.000
V36  6.812 -0.001
V73  6.812  0.000
V69  6.814  0.001
V45  6.820  0.001
V4   6.822 -0.002
V22  6.832  0.000
V93  6.837  0.000
V70  6.854 -0.002
V50  6.868  0.001
V75  6.891 -0.002
V9   6.893 -0.001
V43  6.899 -0.002
V3   6.900 -0.002
V101 6.901  0.002
V37  6.903  0.000
V74  6.903 -0.001
V76  6.905  0.000
V47  6.906  0.001
V55  6.906 -0.001
V54  6.912 -0.004
V32  6.915  0.001
V66  6.927  0.000
V59  6.930  0.000
V65  6.932  0.000
V26  6.939 -0.002
V61  6.946  0.000
V80  6.959  0.001
V46  6.964  0.001
V24  6.967  0.001
V89  6.967  0.001
V86  6.970  0.001
V11  6.971 -0.002
V13  6.978  0.000
V51  6.984  0.001
V25  6.986 -0.002
V41  6.994 -0.002
V48  6.995  0.001
V57  6.996  0.002
V99  7.002  0.000
V52  7.011  0.001
V27  7.023  0.000
V78  7.024 -0.002
V53  7.045 -0.001
V39  7.048  0.001
V82  7.049  0.000
V18  7.054 -0.002
V49  7.063 -0.001
V85  7.072  0.000
V63  7.075  0.003
V23  7.081 -0.001
V33  7.094 -0.001
V81  7.112  0.000
V84  7.134 -0.001
V29  7.191 -0.001
V67  7.198 -0.001
V58  7.220  0.001
V88  7.237 -0.001
V34  7.265 -0.003
-----------------------------------------------------------
running forests ...
minimal depth variable selection ...


-----------------------------------------------------------
family             : regr 
var. selection     : Minimal Depth 
conservativeness   : medium 
x-weighting used?  : TRUE 
dimension          : 100 
sample size        : 1000 
ntree              : 1000 
nsplit             : 10 
mtry               : 27 
nodesize           : 2 
refitted forest    : FALSE 
model size         : 100 
depth threshold    : 9.1884 
PE (true OOB)      : 0.6077 


Top variables:
     depth   vimp
V2   1.430  2.588
V90  1.593  2.251
V14  5.732  0.004
V21  5.819  0.009
V16  6.049  0.006
V56  6.209  0.003
V12  6.228  0.002
V19  6.276  0.005
V31  6.420  0.002
V7   6.433 -0.004
V100 6.434 -0.002
V71  6.485  0.000
V6   6.510 -0.001
V15  6.512 -0.008
V60  6.544  0.000
V95  6.550 -0.002
V8   6.567  0.003
V38  6.583  0.002
V91  6.601  0.003
V96  6.628  0.000
V59  6.654 -0.001
V9   6.655  0.002
V17  6.657  0.002
V94  6.663  0.000
V68  6.678  0.002
V44  6.681  0.000
V4   6.696  0.007
V45  6.709  0.002
V22  6.715  0.001
V92  6.715  0.003
V5   6.718  0.001
V10  6.733  0.004
V30  6.750 -0.002
V20  6.758 -0.001
V77  6.762  0.000
V85  6.766 -0.001
V41  6.776 -0.001
V72  6.779 -0.001
V42  6.791  0.002
V3   6.794  0.003
V83  6.803 -0.001
V87  6.816 -0.001
V35  6.825 -0.001
V97  6.825  0.002
V64  6.840  0.001
V65  6.850  0.000
V63  6.853 -0.001
V40  6.855  0.000
V11  6.867  0.000
V47  6.867  0.001
V62  6.875  0.001
V89  6.891  0.002
V57  6.897 -0.001
V82  6.901  0.001
V37  6.908  0.001
V69  6.908  0.003
V66  6.922 -0.003
V28  6.924 -0.003
V36  6.928  0.003
V54  6.930  0.003
V101 6.935  0.000
V55  6.940  0.001
V76  6.949  0.000
V51  6.956  0.000
V50  6.960  0.002
V46  6.962 -0.001
V79  6.962 -0.002
V24  6.968 -0.001
V98  6.975  0.000
V88  6.990  0.002
V48  6.993  0.005
V78  6.998  0.001
V39  7.001 -0.002
V43  7.008  0.000
V84  7.026  0.000
V80  7.028 -0.002
V73  7.033  0.003
V74  7.036 -0.003
V33  7.051  0.000
V61  7.057 -0.003
V18  7.058  0.000
V86  7.058 -0.002
V27  7.060  0.000
V70  7.076  0.003
V52  7.078 -0.002
V67  7.085  0.000
V81  7.087  0.000
V53  7.096  0.000
V25  7.103 -0.001
V13  7.116  0.000
V75  7.126  0.001
V26  7.127 -0.002
V93  7.145  0.000
V49  7.158  0.002
V99  7.173 -0.002
V32  7.188  0.000
V23  7.194 -0.002
V34  7.221  0.000
V29  7.239  0.001
V58  7.291  0.000
-----------------------------------------------------------
running forests ...
minimal depth variable selection ...


-----------------------------------------------------------
family             : regr 
var. selection     : Minimal Depth 
conservativeness   : medium 
x-weighting used?  : TRUE 
dimension          : 100 
sample size        : 1000 
ntree              : 1000 
nsplit             : 10 
mtry               : 39 
nodesize           : 2 
refitted forest    : FALSE 
model size         : 100 
depth threshold    : 11.4062 
PE (true OOB)      : 0.7011 


Top variables:
     depth   vimp
V2   2.274  0.369
V90  2.527  0.370
V19  4.904  0.005
V47  6.537  0.004
V92  6.714  0.003
V56  6.749  0.000
V12  6.785  0.004
V38  6.805 -0.001
V14  6.838  0.002
V31  6.857 -0.002
V22  6.918  0.000
V59  6.977 -0.002
V10  7.049  0.003
V55  7.088 -0.001
V76  7.090  0.001
V45  7.163  0.001
V94  7.186 -0.001
V100 7.214  0.003
V50  7.294  0.001
V64  7.383  0.002
V87  7.413 -0.001
V28  7.438 -0.002
V7   7.440  0.003
V101 7.473  0.001
V62  7.513  0.000
V66  7.513  0.002
V15  7.521 -0.001
V96  7.525  0.001
V18  7.551  0.001
V49  7.572  0.001
V44  7.579 -0.002
V40  7.583 -0.002
V11  7.609  0.002
V65  7.616  0.000
V68  7.635  0.000
V98  7.641  0.000
V71  7.651  0.000
V75  7.654  0.000
V41  7.669  0.000
V54  7.670  0.000
V37  7.672  0.000
V51  7.686  0.000
V97  7.687  0.001
V85  7.694  0.001
V35  7.695  0.000
V8   7.700  0.000
V42  7.702 -0.001
V77  7.705  0.001
V24  7.710  0.001
V69  7.713  0.002
V5   7.736 -0.003
V84  7.742  0.000
V67  7.754  0.001
V16  7.756  0.001
V17  7.763  0.000
V70  7.770  0.000
V61  7.791  0.001
V9   7.798 -0.002
V4   7.800  0.001
V30  7.807  0.000
V83  7.809  0.001
V43  7.817  0.000
V79  7.851  0.000
V73  7.858  0.000
V32  7.865  0.000
V48  7.868  0.000
V33  7.876 -0.001
V88  7.897 -0.001
V39  7.900  0.001
V91  7.911  0.000
V95  7.914  0.000
V27  7.918  0.001
V52  7.934 -0.001
V89  7.937 -0.001
V72  7.940 -0.001
V81  7.947  0.002
V74  7.972 -0.001
V13  7.973  0.001
V63  8.003  0.002
V3   8.007 -0.002
V93  8.007 -0.001
V60  8.030 -0.002
V29  8.032  0.001
V57  8.054  0.001
V34  8.063  0.001
V25  8.067  0.001
V99  8.080  0.000
V20  8.094 -0.001
V23  8.101 -0.002
V82  8.113  0.001
V6   8.116  0.000
V86  8.127  0.001
V80  8.140  0.001
V46  8.143 -0.001
V26  8.150  0.000
V53  8.177  0.001
V58  8.186  0.002
V21  8.226  0.000
V78  8.291 -0.001
V36  8.502  0.000
-----------------------------------------------------------
running forests ...
minimal depth variable selection ...


-----------------------------------------------------------
family             : regr 
var. selection     : Minimal Depth 
conservativeness   : medium 
x-weighting used?  : TRUE 
dimension          : 100 
sample size        : 1000 
ntree              : 1000 
nsplit             : 10 
mtry               : 27 
nodesize           : 2 
refitted forest    : FALSE 
model size         : 100 
depth threshold    : 11.2735 
PE (true OOB)      : 0.8127 


Top variables:
     depth   vimp
V2   2.599  0.248
V90  2.914  0.236
V19  5.151  0.010
V47  6.361  0.001
V14  6.388 -0.006
V12  6.549  0.002
V56  6.602 -0.001
V31  6.637 -0.003
V10  6.752  0.001
V92  6.796  0.003
V38  6.814  0.001
V59  6.849 -0.001
V100 6.935 -0.001
V76  6.985  0.001
V64  6.987  0.001
V45  7.051 -0.001
V87  7.080  0.000
V55  7.110  0.000
V50  7.123  0.001
V22  7.162  0.001
V40  7.213 -0.002
V94  7.246  0.002
V18  7.255 -0.001
V5   7.257  0.000
V44  7.257 -0.002
V28  7.265  0.001
V49  7.330  0.002
V51  7.334  0.000
V98  7.345  0.000
V11  7.366 -0.003
V96  7.371 -0.002
V41  7.379 -0.002
V69  7.379  0.001
V101 7.393 -0.002
V39  7.414 -0.002
V89  7.425  0.001
V16  7.433  0.001
V8   7.440  0.000
V62  7.502 -0.001
V77  7.505 -0.002
V72  7.508  0.001
V88  7.526 -0.001
V7   7.542  0.000
V65  7.542  0.000
V66  7.543  0.002
V43  7.547  0.000
V85  7.565  0.000
V42  7.567 -0.001
V15  7.571  0.000
V34  7.576  0.001
V52  7.576 -0.001
V71  7.614 -0.003
V73  7.614 -0.001
V37  7.620  0.000
V6   7.621  0.001
V70  7.627  0.000
V48  7.635  0.000
V35  7.639  0.000
V83  7.641  0.000
V93  7.642  0.000
V68  7.646  0.001
V32  7.653 -0.001
V54  7.655  0.000
V74  7.672  0.000
V9   7.678  0.000
V46  7.681  0.001
V82  7.683 -0.001
V97  7.687 -0.001
V33  7.697  0.000
V67  7.728  0.000
V60  7.735 -0.001
V58  7.743  0.000
V17  7.748  0.001
V80  7.758  0.000
V24  7.761  0.001
V79  7.765  0.000
V4   7.769  0.000
V91  7.770  0.001
V63  7.789 -0.001
V53  7.793  0.001
V27  7.798 -0.002
V75  7.810 -0.002
V95  7.816 -0.001
V78  7.820  0.001
V84  7.820  0.001
V61  7.829  0.000
V81  7.838  0.001
V20  7.839 -0.001
V21  7.848  0.000
V26  7.870 -0.001
V57  7.883 -0.001
V3   7.887  0.001
V30  7.895 -0.001
V23  7.911  0.000
V86  7.926 -0.001
V29  7.962 -0.001
V25  7.989 -0.001
V13  8.023  0.000
V36  8.156  0.000
V99  8.156  0.000
-----------------------------------------------------------
running forests ...
minimal depth variable selection ...


-----------------------------------------------------------
family             : regr 
var. selection     : Minimal Depth 
conservativeness   : medium 
x-weighting used?  : TRUE 
dimension          : 100 
sample size        : 1000 
ntree              : 1000 
nsplit             : 10 
mtry               : 39 
nodesize           : 2 
refitted forest    : FALSE 
model size         : 100 
depth threshold    : 8.6593 
PE (true OOB)      : 0.2664 


Top variables:
     depth   vimp
V90  1.114  2.619
V2   1.146  2.503
V17  5.844  0.010
V58  6.215  0.001
V12  6.297 -0.002
V21  6.331  0.001
V55  6.396  0.000
V4   6.474  0.001
V42  6.476  0.000
V14  6.477  0.001
V11  6.494  0.002
V80  6.500 -0.001
V65  6.513 -0.003
V10  6.538  0.002
V99  6.603  0.000
V56  6.610 -0.001
V8   6.613 -0.001
V94  6.625  0.000
V93  6.650 -0.002
V3   6.657  0.000
V33  6.661 -0.001
V96  6.661  0.000
V30  6.662  0.001
V52  6.676  0.000
V20  6.685  0.001
V46  6.699  0.000
V76  6.700  0.001
V7   6.703  0.001
V38  6.718  0.000
V23  6.726  0.000
V66  6.728  0.000
V85  6.737  0.001
V49  6.750 -0.002
V70  6.763  0.000
V36  6.769  0.000
V32  6.775  0.002
V19  6.777 -0.002
V25  6.780 -0.002
V24  6.801  0.001
V47  6.804  0.000
V59  6.808  0.001
V92  6.810 -0.001
V71  6.811  0.000
V44  6.812 -0.001
V31  6.815 -0.002
V16  6.817 -0.001
V5   6.819  0.001
V9   6.819  0.000
V35  6.819  0.000
V54  6.824  0.001
V81  6.824  0.000
V50  6.834 -0.002
V15  6.840 -0.001
V68  6.844 -0.004
V69  6.846  0.001
V77  6.849  0.001
V97  6.849 -0.002
V87  6.852  0.001
V13  6.853  0.001
V28  6.866 -0.002
V91  6.869  0.000
V86  6.872  0.000
V95  6.883  0.000
V89  6.893 -0.001
V67  6.895 -0.001
V22  6.898 -0.002
V26  6.915  0.000
V48  6.922  0.000
V62  6.922  0.002
V29  6.923 -0.001
V57  6.923 -0.001
V79  6.923 -0.001
V98  6.928 -0.001
V37  6.931  0.000
V41  6.934 -0.001
V43  6.935 -0.001
V88  6.935  0.002
V60  6.945 -0.001
V82  6.946  0.000
V72  6.957  0.000
V27  6.960 -0.001
V51  6.972  0.001
V101 6.977 -0.001
V6   6.984  0.003
V34  6.985  0.000
V64  7.018  0.000
V100 7.021  0.000
V40  7.027 -0.001
V74  7.029  0.000
V78  7.035 -0.001
V83  7.042  0.001
V75  7.057 -0.001
V39  7.066 -0.001
V73  7.086  0.000
V45  7.116 -0.002
V63  7.136  0.000
V84  7.175 -0.001
V18  7.194 -0.003
V53  7.215 -0.001
V61  7.287 -0.001
-----------------------------------------------------------
running forests ...
minimal depth variable selection ...


-----------------------------------------------------------
family             : regr 
var. selection     : Minimal Depth 
conservativeness   : medium 
x-weighting used?  : TRUE 
dimension          : 100 
sample size        : 1000 
ntree              : 1000 
nsplit             : 10 
mtry               : 27 
nodesize           : 2 
refitted forest    : FALSE 
model size         : 100 
depth threshold    : 9.0118 
PE (true OOB)      : 0.4807 


Top variables:
     depth   vimp
V90  1.460  2.122
V2   1.463  2.020
V17  5.727  0.010
V21  5.862  0.009
V10  6.077  0.006
V12  6.144  0.000
V52  6.256  0.000
V58  6.294  0.000
V4   6.300  0.000
V55  6.334  0.001
V14  6.391 -0.001
V56  6.467  0.000
V19  6.481  0.003
V35  6.487 -0.001
V59  6.526 -0.002
V42  6.538  0.000
V8   6.552  0.000
V9   6.559  0.002
V80  6.571  0.000
V93  6.579  0.002
V92  6.586  0.003
V96  6.586  0.001
V3   6.607  0.000
V65  6.618 -0.001
V38  6.621  0.000
V85  6.625  0.001
V11  6.626  0.002
V49  6.627 -0.002
V25  6.652  0.001
V70  6.697 -0.003
V94  6.700  0.000
V87  6.702  0.001
V67  6.717  0.000
V20  6.719 -0.002
V47  6.719 -0.003
V98  6.721 -0.001
V76  6.722  0.001
V5   6.732 -0.002
V23  6.733 -0.003
V37  6.733 -0.003
V30  6.738  0.002
V69  6.738  0.000
V66  6.740  0.001
V68  6.743  0.001
V60  6.756 -0.002
V28  6.760 -0.003
V6   6.761 -0.002
V51  6.765  0.003
V32  6.777  0.000
V50  6.786 -0.001
V97  6.786 -0.001
V62  6.797  0.001
V77  6.797 -0.001
V99  6.806  0.002
V33  6.808 -0.001
V7   6.813 -0.001
V44  6.823 -0.001
V16  6.826  0.001
V79  6.828 -0.002
V41  6.841  0.001
V46  6.842  0.000
V81  6.842  0.000
V86  6.850  0.000
V88  6.853 -0.003
V89  6.853  0.000
V31  6.861 -0.001
V82  6.863 -0.002
V24  6.869 -0.001
V22  6.874  0.002
V48  6.879  0.001
V36  6.893  0.002
V13  6.894  0.000
V15  6.896  0.002
V63  6.896 -0.002
V43  6.911 -0.001
V78  6.916 -0.001
V27  6.917 -0.002
V54  6.928 -0.001
V75  6.929 -0.002
V29  6.932 -0.001
V91  6.933 -0.001
V74  6.937 -0.001
V18  6.941  0.002
V71  6.945 -0.002
V34  6.947 -0.002
V26  6.950  0.000
V72  6.965  0.001
V101 6.965 -0.003
V39  6.968  0.000
V73  6.969 -0.002
V40  7.014 -0.001
V100 7.014  0.002
V64  7.036 -0.001
V95  7.036  0.002
V45  7.049  0.002
V84  7.115  0.002
V53  7.130 -0.003
V57  7.149  0.001
V83  7.160 -0.001
V61  7.211  0.000
-----------------------------------------------------------
running forests ...
minimal depth variable selection ...


-----------------------------------------------------------
family             : regr 
var. selection     : Minimal Depth 
conservativeness   : medium 
x-weighting used?  : TRUE 
dimension          : 100 
sample size        : 1000 
ntree              : 1000 
nsplit             : 10 
mtry               : 39 
nodesize           : 2 
refitted forest    : FALSE 
model size         : 100 
depth threshold    : 11.5236 
PE (true OOB)      : 0.5792 


Top variables:
     depth   vimp
V90  2.564  0.312
V2   2.725  0.302
V28  6.989 -0.001
V46  7.080  0.000
V76  7.094  0.001
V8   7.204  0.001
V17  7.223  0.003
V66  7.251  0.000
V92  7.252  0.000
V27  7.262  0.002
V42  7.292  0.001
V87  7.355 -0.001
V22  7.383 -0.001
V33  7.404  0.001
V53  7.417  0.001
V56  7.435  0.001
V44  7.448 -0.001
V32  7.482 -0.001
V49  7.486  0.000
V85  7.486  0.001
V23  7.496  0.000
V99  7.508 -0.001
V52  7.521  0.000
V4   7.536  0.003
V25  7.548  0.000
V7   7.562  0.001
V5   7.578 -0.001
V65  7.590 -0.001
V38  7.591  0.001
V40  7.592 -0.002
V98  7.592  0.001
V24  7.594 -0.002
V20  7.597  0.000
V61  7.611  0.001
V88  7.616  0.002
V47  7.620 -0.001
V67  7.629 -0.003
V54  7.631 -0.001
V84  7.656  0.000
V97  7.687  0.001
V79  7.692 -0.001
V14  7.708  0.000
V57  7.714  0.001
V12  7.721  0.001
V58  7.733  0.000
V48  7.739 -0.001
V41  7.741  0.001
V31  7.756  0.000
V21  7.762 -0.001
V50  7.766 -0.001
V3   7.784  0.001
V73  7.784  0.000
V93  7.789 -0.001
V19  7.801  0.000
V74  7.809  0.000
V10  7.811  0.001
V11  7.825  0.000
V51  7.836  0.001
V70  7.840 -0.001
V95  7.842  0.001
V30  7.847  0.000
V82  7.847 -0.002
V16  7.850  0.000
V59  7.854  0.000
V75  7.870  0.000
V62  7.873 -0.001
V68  7.876  0.000
V37  7.877 -0.001
V94  7.884  0.000
V89  7.888  0.000
V55  7.893 -0.001
V83  7.903 -0.001
V60  7.909  0.001
V39  7.931 -0.001
V18  7.943  0.000
V78  7.952 -0.001
V77  7.954 -0.001
V96  7.961  0.000
V15  7.980  0.000
V80  7.981  0.001
V29  7.988  0.001
V13  7.991 -0.001
V35  7.998 -0.001
V43  8.001 -0.001
V71  8.020 -0.001
V69  8.052  0.001
V34  8.061  0.000
V72  8.066 -0.001
V91  8.066  0.000
V26  8.067  0.000
V101 8.068 -0.001
V86  8.080  0.001
V45  8.082  0.001
V81  8.082  0.000
V36  8.159  0.000
V6   8.165  0.000
V63  8.165  0.000
V100 8.212 -0.001
V9   8.349  0.000
V64  8.390  0.000
-----------------------------------------------------------
running forests ...
./mindepth10_20strong.sh: line 16: 48399 CPU time limit exceeded (core dumped) Rscript ./mindepth10_20strong.R
