file: input/finaldatainput.scrambled.168
delimiter:  
treetype: 1
ntree: 1000
mtry: 19
depvar: 0
depvarname: SCID_AgeOnset
categories: 0
nrow: 746
ncol: 55
varnamesrow: 0
depvarcol: 0
outprefix: output/scrambled/rjungle.scrambled.168
skiprow: 0
skipcol: 0
missingcode: -99
impmeasure: 2
backsel: 0
nimpvar: 100
downsampling: 0
verbose: 1
memmode: 0
write: 0
predict: 
varproximities: 0
summary: 0
testlib: 0
plugin: 
colselection: 
impute: 0
gwa: 0
impcont: 0
transpose: 0
sampleproximities: 0
weightsim: 0
extractdata: 0
yaimp: 0
seeed: 1
nthreads: 0
pedfile: 0
maxTreeDepth: 15000
targetPartitionSize: 1
targetpluginPar: 

